bin/www: 1: bin/www: ﻿#!/usr/bin/env: not found
bin/www: 3: bin/www: /bin: Permission denied
bin/www: 4: bin/www: Procfile: not found
bin/www: 5: bin/www: bin/: Permission denied
bin/www: 7: bin/www: Syntax error: "(" unexpected

> translator-bot@0.0.0 start /bots/en-ru-translator
> node ./bin/www


> translator-bot@0.0.0 start /bots/en-ru-translator
> node ./bin/www

Port 3050 is already in use

npm ERR! Linux 4.4.0-45-generic
npm ERR! argv "/usr/local/bin/node" "/usr/local/bin/npm" "start"
npm ERR! node v7.0.0
npm ERR! npm  v3.10.8
npm ERR! code ELIFECYCLE
npm ERR! translator-bot@0.0.0 start: `node ./bin/www`
npm ERR! Exit status 1
npm ERR! 
npm ERR! Failed at the translator-bot@0.0.0 start script 'node ./bin/www'.
npm ERR! Make sure you have the latest version of node.js and npm installed.
npm ERR! If you do, this is most likely a problem with the translator-bot package,
npm ERR! not with npm itself.
npm ERR! Tell the author that this fails on your system:
npm ERR!     node ./bin/www
npm ERR! You can get information on how to open an issue for this project with:
npm ERR!     npm bugs translator-bot
npm ERR! Or if that isn't available, you can get their info via:
npm ERR!     npm owner ls translator-bot
npm ERR! There is likely additional logging output above.

npm ERR! Please include the following file with any support request:
npm ERR!     /bots/en-ru-translator/npm-debug.log
